<?xml version="1.0" encoding="UTF-8"?>
<!-- Generated by org.testng.reporters.JUnitReportReporter -->
<testsuite hostname="DESKTOP-TSISR14" failures="0" tests="1" name="Demo.openExpedia" time="20.839" errors="0" timestamp="27 May 2018 07:56:18 GMT">
  <testcase classname="Demo.openExpedia" name="invalidLogin" time="20.839"/>
</testsuite> <!-- Demo.openExpedia -->
