<?xml version="1.0" encoding="UTF-8"?>
<!-- Generated by org.testng.reporters.JUnitReportReporter -->
<testsuite hostname="DESKTOP-TSISR14" failures="0" tests="1" name="Demo.openExpedia" time="15.908" errors="0" timestamp="3 Jun 2018 19:16:12 GMT">
  <testcase classname="Demo.openExpedia" name="invalidLogin" time="15.908"/>
</testsuite> <!-- Demo.openExpedia -->
