<?xml version="1.0" encoding="UTF-8"?>
<!-- Generated by org.testng.reporters.JUnitReportReporter -->
<testsuite hostname="rahul" name="Demo.openExpedia" tests="1" failures="0" timestamp="28 May 2018 06:27:52 GMT" time="28.967" errors="0">
  <testcase name="invalidLogin" time="28.967" classname="Demo.openExpedia"/>
</testsuite> <!-- Demo.openExpedia -->
