<?xml version="1.0" encoding="UTF-8"?>
<!-- Generated by org.testng.reporters.JUnitReportReporter -->
<testsuite hostname="rahul" name="Demo.openExpedia" tests="1" failures="0" timestamp="25 May 2018 06:36:17 GMT" time="96.030" errors="0">
  <testcase name="guestLogin" time="96.030" classname="Demo.openExpedia"/>
</testsuite> <!-- Demo.openExpedia -->
